<?xml version="1.0" encoding="UTF-8"?>
<!-- Generated by org.testng.reporters.JUnitXMLReporter -->
<testsuite ignored="2" hostname="Hammad" failures="0" tests="2" name="DirectMacro UK Combined TestCases" time="9.921" errors="0" timestamp="2024-12-15T02:13:34 PKT">
  <testcase classname="tests.LoginTest" name="homePageTitleVerification" time="0.091"/>
  <testcase classname="tests.DashboardTest" name="searchBarTestCase" time="3.207"/>
  <testcase classname="base.BaseClass" name="@BeforeSuite setupSuite" time="0.0">
    <ignored/>
  </testcase> <!-- @BeforeSuite setupSuite -->
  <testcase classname="base.BaseClass" name="@AfterSuite tearDownSuite" time="0.0">
    <ignored/>
  </testcase> <!-- @AfterSuite tearDownSuite -->
</testsuite> <!-- DirectMacro UK Combined TestCases -->
