<?xml version="1.0" encoding="UTF-8"?>
<!-- Generated by org.testng.reporters.JUnitXMLReporter -->
<testsuite ignored="2" hostname="Ali-Hammad" failures="0" tests="4" name="DirectMacro UK Combined TestCases" time="24.802" errors="0" timestamp="2024-11-22T16:45:08 PKT">
  <testcase classname="api.ApiTest" name="testGetPosts" time="6.755"/>
  <testcase classname="api.ApiTest" name="testCreatePost" time="9.142"/>
  <testcase classname="tests.LoginTest" name="homePageTitleVerification" time="0.039"/>
  <testcase classname="tests.DashboardTest" name="searchBarTestCase" time="4.735"/>
  <testcase classname="base.BaseClass" name="@BeforeSuite setupSuite" time="0.0">
    <ignored/>
  </testcase> <!-- @BeforeSuite setupSuite -->
  <testcase classname="base.BaseClass" name="@AfterSuite tearDownSuite" time="0.0">
    <ignored/>
  </testcase> <!-- @AfterSuite tearDownSuite -->
</testsuite> <!-- DirectMacro UK Combined TestCases -->
