<?xml version="1.0" encoding="UTF-8"?>
<testsuite xmlns:xsi="http://www.w3.org/2001/XMLSchema-instance" xsi:noNamespaceSchemaLocation="https://maven.apache.org/surefire/maven-surefire-plugin/xsd/surefire-test-report-3.0.xsd" version="3.0" name="TestSuite" time="12.252" tests="5" errors="0" skipped="0" failures="0">
  <properties>
[...]
</properties>
  <testcase name="loginTestCase" classname="tests.LoginTest" time="0.454">
    <system-out><![CDATA[Report Path: C:\Users\Hp\eclipse-workspace\AdvanceAutomationFramework/test-output/Reports/CustomReport.html
Selected browser after trimming: 'chrome'
]]></system-out>
    <system-err><![CDATA[[TestNG-test=DirectMacro UK Combined TestCases-1] INFO io.github.bonigarcia.wdm.WebDriverManager - Using chromedriver 128.0.6613.137 (resolved driver for Chrome 128)
[TestNG-test=DirectMacro UK Combined TestCases-1] INFO io.github.bonigarcia.wdm.WebDriverManager - Exporting webdriver.chrome.driver as C:\Users\Hp\.cache\selenium\chromedriver\win64\128.0.6613.137\chromedriver.exe
Dec 21, 2024 12:46:16 AM org.openqa.selenium.devtools.CdpVersionFinder findNearestMatch
WARNING: Unable to find CDP implementation matching 128
Dec 21, 2024 12:46:16 AM org.openqa.selenium.chromium.ChromiumDriver lambda$new$5
WARNING: Unable to find version of CDP to use for 128.0.6613.114. You may need to include a dependency on a specific version of the CDP using something similar to `org.seleniumhq.selenium:selenium-devtools-v86:4.11.0` where the version ("v86") matches the version of the chromium-based browser you're using and the version number of the artifact is the same as Selenium's.
]]></system-err>
  </testcase>
  <testcase name="testGetPosts" classname="api.ApiTest" time="2.294">
    <system-out><![CDATA[Directory Path: C:\Users\Hp\eclipse-workspace\AdvanceAutomationFramework/test-output
Reports Folder Path: C:\Users\Hp\eclipse-workspace\AdvanceAutomationFramework/test-output/Reports
Deleted: C:\Users\Hp\eclipse-workspace\AdvanceAutomationFramework\test-output\bullet_point.png
Deleted: C:\Users\Hp\eclipse-workspace\AdvanceAutomationFramework\test-output\collapseall.gif
Deleted: C:\Users\Hp\eclipse-workspace\AdvanceAutomationFramework\test-output\Default suite\Default test.html
Deleted: C:\Users\Hp\eclipse-workspace\AdvanceAutomationFramework\test-output\Default suite\Default test.xml
Deleted: C:\Users\Hp\eclipse-workspace\AdvanceAutomationFramework\test-output\Default suite
Deleted: C:\Users\Hp\eclipse-workspace\AdvanceAutomationFramework\test-output\emailable-report.html
Deleted: C:\Users\Hp\eclipse-workspace\AdvanceAutomationFramework\test-output\failed.png
Deleted: C:\Users\Hp\eclipse-workspace\AdvanceAutomationFramework\test-output\index.html
Deleted: C:\Users\Hp\eclipse-workspace\AdvanceAutomationFramework\test-output\jquery-3.6.0.min.js
Deleted: C:\Users\Hp\eclipse-workspace\AdvanceAutomationFramework\test-output\junitreports\TEST-tests.LoginTest.xml
Deleted: C:\Users\Hp\eclipse-workspace\AdvanceAutomationFramework\test-output\junitreports
Deleted: C:\Users\Hp\eclipse-workspace\AdvanceAutomationFramework\test-output\navigator-bullet.png
Deleted: C:\Users\Hp\eclipse-workspace\AdvanceAutomationFramework\test-output\old\Default suite\classes.html
Deleted: C:\Users\Hp\eclipse-workspace\AdvanceAutomationFramework\test-output\old\Default suite\Default test.properties
Deleted: C:\Users\Hp\eclipse-workspace\AdvanceAutomationFramework\test-output\old\Default suite\groups.html
Deleted: C:\Users\Hp\eclipse-workspace\AdvanceAutomationFramework\test-output\old\Default suite\index.html
Deleted: C:\Users\Hp\eclipse-workspace\AdvanceAutomationFramework\test-output\old\Default suite\main.html
Deleted: C:\Users\Hp\eclipse-workspace\AdvanceAutomationFramework\test-output\old\Default suite\methods-alphabetical.html
Deleted: C:\Users\Hp\eclipse-workspace\AdvanceAutomationFramework\test-output\old\Default suite\methods-not-run.html
Deleted: C:\Users\Hp\eclipse-workspace\AdvanceAutomationFramework\test-output\old\Default suite\methods.html
Deleted: C:\Users\Hp\eclipse-workspace\AdvanceAutomationFramework\test-output\old\Default suite\reporter-output.html
Deleted: C:\Users\Hp\eclipse-workspace\AdvanceAutomationFramework\test-output\old\Default suite\testng.xml.html
Deleted: C:\Users\Hp\eclipse-workspace\AdvanceAutomationFramework\test-output\old\Default suite\toc.html
Deleted: C:\Users\Hp\eclipse-workspace\AdvanceAutomationFramework\test-output\old\Default suite
Deleted: C:\Users\Hp\eclipse-workspace\AdvanceAutomationFramework\test-output\old\index.html
Deleted: C:\Users\Hp\eclipse-workspace\AdvanceAutomationFramework\test-output\old
Deleted: C:\Users\Hp\eclipse-workspace\AdvanceAutomationFramework\test-output\passed.png
Skipping Reports folder: C:\Users\Hp\eclipse-workspace\AdvanceAutomationFramework\test-output\Reports
Deleted: C:\Users\Hp\eclipse-workspace\AdvanceAutomationFramework\test-output\skipped.png
Deleted: C:\Users\Hp\eclipse-workspace\AdvanceAutomationFramework\test-output\testng-reports.css
Deleted: C:\Users\Hp\eclipse-workspace\AdvanceAutomationFramework\test-output\testng-reports.js
Deleted: C:\Users\Hp\eclipse-workspace\AdvanceAutomationFramework\test-output\testng-reports1.css
Deleted: C:\Users\Hp\eclipse-workspace\AdvanceAutomationFramework\test-output\testng-reports2.js
Deleted: C:\Users\Hp\eclipse-workspace\AdvanceAutomationFramework\test-output\testng-results.xml
Deleted: C:\Users\Hp\eclipse-workspace\AdvanceAutomationFramework\test-output\testng.css
]]></system-out>
    <system-err><![CDATA[[AsyncHttpClient-1-4] WARN org.asynchttpclient.netty.handler.WebSocketHandler - onError
java.net.SocketException: Connection reset
	at java.base/sun.nio.ch.SocketChannelImpl.throwConnectionReset(SocketChannelImpl.java:401)
	at java.base/sun.nio.ch.SocketChannelImpl.read(SocketChannelImpl.java:434)
	at io.netty.buffer.PooledByteBuf.setBytes(PooledByteBuf.java:256)
	at io.netty.buffer.AbstractByteBuf.writeBytes(AbstractByteBuf.java:1132)
	at io.netty.channel.socket.nio.NioSocketChannel.doReadBytes(NioSocketChannel.java:357)
	at io.netty.channel.nio.AbstractNioByteChannel$NioByteUnsafe.read(AbstractNioByteChannel.java:151)
	at io.netty.channel.nio.NioEventLoop.processSelectedKey(NioEventLoop.java:788)
	at io.netty.channel.nio.NioEventLoop.processSelectedKeysOptimized(NioEventLoop.java:724)
	at io.netty.channel.nio.NioEventLoop.processSelectedKeys(NioEventLoop.java:650)
	at io.netty.channel.nio.NioEventLoop.run(NioEventLoop.java:562)
	at io.netty.util.concurrent.SingleThreadEventExecutor$4.run(SingleThreadEventExecutor.java:997)
	at io.netty.util.internal.ThreadExecutorMap$2.run(ThreadExecutorMap.java:74)
	at io.netty.util.concurrent.FastThreadLocalRunnable.run(FastThreadLocalRunnable.java:30)
	at java.base/java.lang.Thread.run(Thread.java:1583)
Dec 21, 2024 12:46:18 AM org.openqa.selenium.remote.http.WebSocket$Listener onError
WARNING: Connection reset
java.net.SocketException: Connection reset
	at java.base/sun.nio.ch.SocketChannelImpl.throwConnectionReset(SocketChannelImpl.java:401)
	at java.base/sun.nio.ch.SocketChannelImpl.read(SocketChannelImpl.java:434)
	at io.netty.buffer.PooledByteBuf.setBytes(PooledByteBuf.java:256)
	at io.netty.buffer.AbstractByteBuf.writeBytes(AbstractByteBuf.java:1132)
	at io.netty.channel.socket.nio.NioSocketChannel.doReadBytes(NioSocketChannel.java:357)
	at io.netty.channel.nio.AbstractNioByteChannel$NioByteUnsafe.read(AbstractNioByteChannel.java:151)
	at io.netty.channel.nio.NioEventLoop.processSelectedKey(NioEventLoop.java:788)
	at io.netty.channel.nio.NioEventLoop.processSelectedKeysOptimized(NioEventLoop.java:724)
	at io.netty.channel.nio.NioEventLoop.processSelectedKeys(NioEventLoop.java:650)
	at io.netty.channel.nio.NioEventLoop.run(NioEventLoop.java:562)
	at io.netty.util.concurrent.SingleThreadEventExecutor$4.run(SingleThreadEventExecutor.java:997)
	at io.netty.util.internal.ThreadExecutorMap$2.run(ThreadExecutorMap.java:74)
	at io.netty.util.concurrent.FastThreadLocalRunnable.run(FastThreadLocalRunnable.java:30)
	at java.base/java.lang.Thread.run(Thread.java:1583)

ERROR StatusLogger Log4j2 could not find a logging implementation. Please add log4j-core to the classpath. Using SimpleLogger to log to the console...
]]></system-err>
  </testcase>
  <testcase name="testCreatePost" classname="api.ApiTest" time="2.867"/>
  <testcase name="testDatabaseConnection" classname="database.DatabaseTest" time="0.001">
    <system-out><![CDATA[Database connection established successfully!
]]></system-out>
  </testcase>
  <testcase name="testSelectQuery" classname="database.DatabaseTest" time="0.089"/>
</testsuite>