<?xml version="1.0" encoding="UTF-8"?>
<testsuite xmlns:xsi="http://www.w3.org/2001/XMLSchema-instance" xsi:noNamespaceSchemaLocation="https://maven.apache.org/surefire/maven-surefire-plugin/xsd/surefire-test-report-3.0.xsd" version="3.0" name="TestSuite" time="26.309" tests="4" errors="0" skipped="0" failures="0">
  <properties>
[...]
</properties>
  <testcase name="testGetPosts" classname="api.ApiTest" time="7.617">
    <system-out><![CDATA[Report Path: C:\Users\Umair Ahmed\eclipse-workspace\AdvanceFrameworkTestNG/test-output/Reports/CustomReport.html
Selected browser after trimming: 'chrome'
]]></system-out>
    <system-err><![CDATA[[TestNG-test=DirectMacro UK Combined TestCases-3] INFO io.github.bonigarcia.wdm.WebDriverManager - Using chromedriver 131.0.6778.85 (resolved driver for Chrome 131)
[TestNG-test=DirectMacro UK Combined TestCases-3] INFO io.github.bonigarcia.wdm.WebDriverManager - Exporting webdriver.chrome.driver as C:\Users\Umair Ahmed\.cache\selenium\chromedriver\win64\131.0.6778.85\chromedriver.exe
ERROR StatusLogger Log4j2 could not find a logging implementation. Please add log4j-core to the classpath. Using SimpleLogger to log to the console...
]]></system-err>
  </testcase>
  <testcase name="testCreatePost" classname="api.ApiTest" time="9.462">
    <system-out><![CDATA[Report Path: C:\Users\Umair Ahmed\eclipse-workspace\AdvanceFrameworkTestNG/test-output/Reports/CustomReport.html
Selected browser after trimming: 'chrome'
]]></system-out>
    <system-err><![CDATA[[TestNG-test=DirectMacro UK Combined TestCases-2] INFO io.github.bonigarcia.wdm.WebDriverManager - Using chromedriver 131.0.6778.85 (resolved driver for Chrome 131)
[TestNG-test=DirectMacro UK Combined TestCases-2] INFO io.github.bonigarcia.wdm.WebDriverManager - Exporting webdriver.chrome.driver as C:\Users\Umair Ahmed\.cache\selenium\chromedriver\win64\131.0.6778.85\chromedriver.exe
Nov 22, 2024 4:44:52 PM org.openqa.selenium.devtools.CdpVersionFinder findNearestMatch
WARNING: Unable to find CDP implementation matching 131
Nov 22, 2024 4:44:52 PM org.openqa.selenium.chromium.ChromiumDriver lambda$new$5
WARNING: Unable to find version of CDP to use for 131.0.6778.70. You may need to include a dependency on a specific version of the CDP using something similar to `org.seleniumhq.selenium:selenium-devtools-v86:4.11.0` where the version ("v86") matches the version of the chromium-based browser you're using and the version number of the artifact is the same as Selenium's.
]]></system-err>
  </testcase>
  <testcase name="homePageTitleVerification" classname="tests.LoginTest" time="0.017">
    <system-err><![CDATA[Nov 22, 2024 4:44:54 PM org.openqa.selenium.devtools.CdpVersionFinder findNearestMatch
WARNING: Unable to find CDP implementation matching 131
Nov 22, 2024 4:44:54 PM org.openqa.selenium.chromium.ChromiumDriver lambda$new$5
WARNING: Unable to find version of CDP to use for 131.0.6778.70. You may need to include a dependency on a specific version of the CDP using something similar to `org.seleniumhq.selenium:selenium-devtools-v86:4.11.0` where the version ("v86") matches the version of the chromium-based browser you're using and the version number of the artifact is the same as Selenium's.
]]></system-err>
  </testcase>
  <testcase name="searchBarTestCase" classname="tests.DashboardTest" time="4.668">
    <system-out><![CDATA[Directory Path: C:\Users\Umair Ahmed\eclipse-workspace\AdvanceFrameworkTestNG/test-output
Reports Folder Path: C:\Users\Umair Ahmed\eclipse-workspace\AdvanceFrameworkTestNG/test-output/Reports
Deleted: C:\Users\Umair Ahmed\eclipse-workspace\AdvanceFrameworkTestNG\test-output\bullet_point.png
Deleted: C:\Users\Umair Ahmed\eclipse-workspace\AdvanceFrameworkTestNG\test-output\collapseall.gif
Deleted: C:\Users\Umair Ahmed\eclipse-workspace\AdvanceFrameworkTestNG\test-output\Default suite\Default test.html
Deleted: C:\Users\Umair Ahmed\eclipse-workspace\AdvanceFrameworkTestNG\test-output\Default suite\Default test.xml
Deleted: C:\Users\Umair Ahmed\eclipse-workspace\AdvanceFrameworkTestNG\test-output\Default suite
Deleted: C:\Users\Umair Ahmed\eclipse-workspace\AdvanceFrameworkTestNG\test-output\emailable-report.html
Deleted: C:\Users\Umair Ahmed\eclipse-workspace\AdvanceFrameworkTestNG\test-output\failed.png
Deleted: C:\Users\Umair Ahmed\eclipse-workspace\AdvanceFrameworkTestNG\test-output\index.html
Deleted: C:\Users\Umair Ahmed\eclipse-workspace\AdvanceFrameworkTestNG\test-output\jquery-3.6.0.min.js
Deleted: C:\Users\Umair Ahmed\eclipse-workspace\AdvanceFrameworkTestNG\test-output\junitreports\TEST-tests.LoginTest.xml
Deleted: C:\Users\Umair Ahmed\eclipse-workspace\AdvanceFrameworkTestNG\test-output\junitreports
Deleted: C:\Users\Umair Ahmed\eclipse-workspace\AdvanceFrameworkTestNG\test-output\navigator-bullet.png
Deleted: C:\Users\Umair Ahmed\eclipse-workspace\AdvanceFrameworkTestNG\test-output\old\Default suite\classes.html
Deleted: C:\Users\Umair Ahmed\eclipse-workspace\AdvanceFrameworkTestNG\test-output\old\Default suite\Default test.properties
Deleted: C:\Users\Umair Ahmed\eclipse-workspace\AdvanceFrameworkTestNG\test-output\old\Default suite\groups.html
Deleted: C:\Users\Umair Ahmed\eclipse-workspace\AdvanceFrameworkTestNG\test-output\old\Default suite\index.html
Deleted: C:\Users\Umair Ahmed\eclipse-workspace\AdvanceFrameworkTestNG\test-output\old\Default suite\main.html
Deleted: C:\Users\Umair Ahmed\eclipse-workspace\AdvanceFrameworkTestNG\test-output\old\Default suite\methods-alphabetical.html
Deleted: C:\Users\Umair Ahmed\eclipse-workspace\AdvanceFrameworkTestNG\test-output\old\Default suite\methods-not-run.html
Deleted: C:\Users\Umair Ahmed\eclipse-workspace\AdvanceFrameworkTestNG\test-output\old\Default suite\methods.html
Deleted: C:\Users\Umair Ahmed\eclipse-workspace\AdvanceFrameworkTestNG\test-output\old\Default suite\reporter-output.html
Deleted: C:\Users\Umair Ahmed\eclipse-workspace\AdvanceFrameworkTestNG\test-output\old\Default suite\testng.xml.html
Deleted: C:\Users\Umair Ahmed\eclipse-workspace\AdvanceFrameworkTestNG\test-output\old\Default suite\toc.html
Deleted: C:\Users\Umair Ahmed\eclipse-workspace\AdvanceFrameworkTestNG\test-output\old\Default suite
Deleted: C:\Users\Umair Ahmed\eclipse-workspace\AdvanceFrameworkTestNG\test-output\old\index.html
Deleted: C:\Users\Umair Ahmed\eclipse-workspace\AdvanceFrameworkTestNG\test-output\old
Deleted: C:\Users\Umair Ahmed\eclipse-workspace\AdvanceFrameworkTestNG\test-output\passed.png
Skipping Reports folder: C:\Users\Umair Ahmed\eclipse-workspace\AdvanceFrameworkTestNG\test-output\Reports
Deleted: C:\Users\Umair Ahmed\eclipse-workspace\AdvanceFrameworkTestNG\test-output\skipped.png
Deleted: C:\Users\Umair Ahmed\eclipse-workspace\AdvanceFrameworkTestNG\test-output\testng-reports.css
Deleted: C:\Users\Umair Ahmed\eclipse-workspace\AdvanceFrameworkTestNG\test-output\testng-reports.js
Deleted: C:\Users\Umair Ahmed\eclipse-workspace\AdvanceFrameworkTestNG\test-output\testng-reports1.css
Deleted: C:\Users\Umair Ahmed\eclipse-workspace\AdvanceFrameworkTestNG\test-output\testng-reports2.js
Deleted: C:\Users\Umair Ahmed\eclipse-workspace\AdvanceFrameworkTestNG\test-output\testng-results.xml
Deleted: C:\Users\Umair Ahmed\eclipse-workspace\AdvanceFrameworkTestNG\test-output\testng.css
]]></system-out>
  </testcase>
</testsuite>